<?xml version="1.0" encoding="UTF-8"?>
<!-- Generated by org.testng.reporters.JUnitXMLReporter -->
<testsuite ignored="0" hostname="LAPTOP-BMAF7UQC" failures="0" tests="3" name="Default test" time="49.024" errors="0" timestamp="2023-12-07T23:52:12 IST">
  <testcase classname="tests.LoginTest" name="Testlogin" time="20.277"/>
  <testcase classname="tests.LoginTest" name="Testlogin" time="11.928"/>
  <testcase classname="tests.LoginTest" name="Testlogin" time="15.787"/>
</testsuite> <!-- Default test -->
