<?xml version="1.0" encoding="UTF-8"?>
<testng-results ignored="0" total="3" passed="3" failed="0" skipped="0">
  <reporter-output>
  </reporter-output>
  <suite started-at="2023-12-07T23:51:23 IST" name="Default suite" finished-at="2023-12-07T23:52:12 IST" duration-ms="49024">
    <groups>
    </groups>
    <test started-at="2023-12-07T23:51:23 IST" name="Default test" finished-at="2023-12-07T23:52:12 IST" duration-ms="49024">
      <class name="tests.LoginTest">
        <test-method signature="Testlogin(java.util.HashMap)[pri:0, instance:tests.LoginTest@74e52303]" started-at="2023-12-07T23:51:24 IST" name="Testlogin" data-provider="dataSupplier" finished-at="2023-12-07T23:51:44 IST" duration-ms="20277" status="PASS">
          <params>
            <param index="0">
              <value>
                <![CDATA[{Runmode=Y, ExpectedResult=Failure, Username=sunnybabukusuma98@gmail.com, Browser=Chrome, Password=1.23456789E9}]]>
              </value>
            </param>
          </params>
          <reporter-output>
          </reporter-output>
        </test-method> <!-- Testlogin -->
        <test-method signature="Testlogin(java.util.HashMap)[pri:0, instance:tests.LoginTest@74e52303]" started-at="2023-12-07T23:51:44 IST" name="Testlogin" data-provider="dataSupplier" finished-at="2023-12-07T23:51:56 IST" duration-ms="11928" status="PASS">
          <params>
            <param index="0">
              <value>
                <![CDATA[{Runmode=Y, ExpectedResult=Success, Username=sunnybabukusuma03@gmail.com, Browser=Firefox, Password=abcde}]]>
              </value>
            </param>
          </params>
          <reporter-output>
          </reporter-output>
        </test-method> <!-- Testlogin -->
        <test-method signature="Testlogin(java.util.HashMap)[pri:0, instance:tests.LoginTest@74e52303]" started-at="2023-12-07T23:51:56 IST" name="Testlogin" data-provider="dataSupplier" finished-at="2023-12-07T23:52:12 IST" duration-ms="15787" status="PASS">
          <params>
            <param index="0">
              <value>
                <![CDATA[{Runmode=Y, ExpectedResult=Success, Username=sunnybabukusuma04@gmail.com, Browser=Edge, Password=abcde}]]>
              </value>
            </param>
          </params>
          <reporter-output>
          </reporter-output>
        </test-method> <!-- Testlogin -->
        <test-method is-config="true" signature="tearDown()[pri:0, instance:tests.LoginTest@74e52303]" started-at="2023-12-07T23:52:12 IST" name="tearDown" finished-at="2023-12-07T23:52:12 IST" duration-ms="322" status="PASS">
          <reporter-output>
          </reporter-output>
        </test-method> <!-- tearDown -->
      </class> <!-- tests.LoginTest -->
    </test> <!-- Default test -->
  </suite> <!-- Default suite -->
</testng-results>
